build/app/outputs/mapping/release/seeds.txt
com.example.lobster_detection.MainActivity: MainActivity()
com.example.lobster_detection.MainActivity
...
io.flutter.embedding.engine.FlutterJNI: void nativeSurfaceCreated(long,android.view.Surface)
io.flutter.embedding.engine.renderer.SurfaceTextureWrapper: void release()
android.support.v4.media.session.MediaSessionCompat$ResultReceiverWrapper
androidx.core.app.RemoteActionCompat
io.flutter.embedding.android.FlutterTextureView
io.flutter.embedding.engine.systemchannels.SettingsChannel$PlatformBrightness: io.flutter.embedding.engine.systemchannels.SettingsChannel$PlatformBrightness[] values()
io.flutter.embedding.engine.systemchannels.PlatformChannel$SystemUiOverlay: io.flutter.embedding.engine.systemchannels.PlatformChannel$SystemUiOverlay valueOf(java.lang.String)
io.flutter.embedding.engine.FlutterJNI: void updateCustomAccessibilityActions(java.nio.ByteBuffer,java.lang.String[])
io.flutter.embedding.android.FlutterActivityLaunchConfigs$BackgroundMode: io.flutter.embedding.android.FlutterActivityLaunchConfigs$BackgroundMode[] values()
io.flutter.embedding.engine.FlutterJNI: void nativeDispatchSemanticsAction(long,int,int,java.nio.ByteBuffer,int)
io.flutter.embedding.engine.FlutterJNI: void runBundleAndSnapshotFromLibrary(java.lang.String,java.lang.String,java.lang.String,android.content.res.AssetManager)
androidx.activity.ComponentActivity$3
io.flutter.plugin.platform.SingleViewPresentation: boolean startFocused
android.support.v4.app.RemoteActionCompatParcelizer: RemoteActionCompatParcelizer()
android.support.v4.app.RemoteActionCompatParcelizer: androidx.core.app.RemoteActionCompat read(androidx.versionedparcelable.VersionedParcel)
io.flutter.embedding.engine.systemchannels.PlatformChannel$Brightness: io.flutter.embedding.engine.systemchannels.PlatformChannel$Brightness[] values()
io.flutter.plugin.editing.ImeSyncDeferringInsetsCallback: int access$500(io.flutter.plugin.editing.ImeSyncDeferringInsetsCallback)
io.flutter.embedding.engine.systemchannels.TextInputChannel$TextInputType: io.flutter.embedding.engine.systemchannels.TextInputChannel$TextInputType valueOf(java.lang.String)
com.google.common.util.concurrent.AbstractFuture$Waiter: com.google.common.util.concurrent.AbstractFuture$Waiter next
io.flutter.embedding.android.FlutterSplashView$SavedState: void writeToParcel(android.os.Parcel,int)
io.flutter.view.AccessibilityViewEmbedder: void copyAccessibilityFields(android.view.accessibility.AccessibilityNodeInfo,android.view.accessibility.AccessibilityNodeInfo)
io.flutter.embedding.engine.FlutterJNI: void destroyOverlaySurfaces()
io.flutter.view.AccessibilityViewEmbedder: java.lang.String TAG
io.flutter.embedding.engine.FlutterJNI: java.lang.String observatoryUri
io.flutter.embedding.engine.FlutterJNI: void onPreEngineRestart()
io.flutter.embedding.engine.FlutterJNI: boolean setRefreshRateFPSCalled
io.flutter.embedding.engine.FlutterJNI: java.lang.String[] computePlatformResolvedLocale(java.lang.String[])
io.flutter.plugin.platform.SingleViewPresentation: io.flutter.plugin.platform.AccessibilityEventsDelegate accessibilityEventsDelegate
io.flutter.embedding.engine.FlutterJNI: void nativeDispatchEmptyPlatformMessage(long,java.lang.String,int)
io.flutter.embedding.engine.FlutterJNI: void nativeDispatchPointerDataPacket(long,java.nio.ByteBuffer,int)
com.google.common.util.concurrent.AbstractFuture: com.google.common.util.concurrent.AbstractFuture$Listener listeners
io.flutter.plugin.editing.ImeSyncDeferringInsetsCallback: boolean access$302(io.flutter.plugin.editing.ImeSyncDeferringInsetsCallback,boolean)
io.flutter.embedding.engine.renderer.SurfaceTextureWrapper: void getTransformMatrix(float[])
io.flutter.embedding.engine.FlutterJNI: void nativeSurfaceChanged(long,int,int)
androidx.lifecycle.Lifecycle$Event: androidx.lifecycle.Lifecycle$Event ON_DESTROY
androidx.lifecycle.LiveData$LifecycleBoundObserver
io.flutter.view.FlutterCallbackInformation
androidx.lifecycle.Lifecycling$1
io.flutter.view.AccessibilityBridge$AccessibilityFeature: io.flutter.view.AccessibilityBridge$AccessibilityFeature valueOf(java.lang.String)