build/app/outputs/mapping/release/mapping.txt
# compiler: R8
# compiler_version: 2.1.62
# min_api: 21
# pg_map_id: 4a42e63
# common_typos_disable
...
androidx.arch.core.internal.SafeIterableMap$Entry -> b.a.a.a.b$c:
    androidx.arch.core.internal.SafeIterableMap$Entry mNext -> c
    androidx.arch.core.internal.SafeIterableMap$Entry mPrevious -> d
    java.lang.Object mValue -> b
    java.lang.Object mKey -> a
androidx.arch.core.internal.SafeIterableMap$IteratorWithAdditions -> b.a.a.a.b$d:
    androidx.arch.core.internal.SafeIterableMap$Entry mCurrent -> a
    androidx.arch.core.internal.SafeIterableMap this$0 -> c
    boolean mBeforeStart -> b
    void supportRemove(androidx.arch.core.internal.SafeIterableMap$Entry) -> a
    java.util.Map$Entry next() -> b
androidx.arch.core.internal.SafeIterableMap$ListIterator -> b.a.a.a.b$e:
    androidx.arch.core.internal.SafeIterableMap$Entry mExpectedEnd -> a
    androidx.arch.core.internal.SafeIterableMap$Entry mNext -> b
    void supportRemove(androidx.arch.core.internal.SafeIterableMap$Entry) -> a
    androidx.arch.core.internal.SafeIterableMap$Entry backward(androidx.arch.core.internal.SafeIterableMap$Entry) -> b
    androidx.arch.core.internal.SafeIterableMap$Entry forward(androidx.arch.core.internal.SafeIterableMap$Entry) -> c
    java.util.Map$Entry next() -> d
    androidx.arch.core.internal.SafeIterableMap$Entry nextNode() -> e
androidx.arch.core.internal.SafeIterableMap$SupportRemove -> b.a.a.a.b$f:
    void supportRemove(androidx.arch.core.internal.SafeIterableMap$Entry) -> a
androidx.collection.ArrayMap -> b.b.a:
    androidx.collection.MapCollections mCollections -> h
    androidx.collection.MapCollections getCollection() -> m
androidx.collection.ArrayMap$1 -> b.b.a$a:
    androidx.collection.ArrayMap this$0 -> d
    void colClear() -> a
    java.lang.Object colGetEntry(int,int) -> b
    java.util.Map colGetMap() -> c
    int colGetSize() -> d
    int colIndexOfKey(java.lang.Object) -> e
    int colIndexOfValue(java.lang.Object) -> f
    void colPut(java.lang.Object,java.lang.Object) -> g
    void colRemoveAt(int) -> h
    java.lang.Object colSetValue(int,java.lang.Object) -> i
androidx.collection.ContainerHelpers -> b.b.b:
    java.lang.Object[] EMPTY_OBJECTS -> b
    int[] EMPTY_INTS -> a
    int binarySearch(int[],int,int) -> a
    boolean equal(java.lang.Object,java.lang.Object) -> b
androidx.collection.MapCollections -> b.b.c:
    androidx.collection.MapCollections$KeySet mKeySet -> b
    androidx.collection.MapCollections$ValuesCollection mValues -> c
    androidx.collection.MapCollections$EntrySet mEntrySet -> a
    void colClear() -> a
    java.lang.Object colGetEntry(int,int) -> b
    java.util.Map colGetMap() -> c
    int colGetSize() -> d
    int colIndexOfKey(java.lang.Object) -> e
    int colIndexOfValue(java.lang.Object) -> f
    void colPut(java.lang.Object,java.lang.Object) -> g
    void colRemoveAt(int) -> h
    java.lang.Object colSetValue(int,java.lang.Object) -> i
    boolean containsAllHelper(java.util.Map,java.util.Collection) -> j
    boolean equalsSetHelper(java.util.Set,java.lang.Object) -> k
    java.util.Set getEntrySet() -> l
    java.util.Set getKeySet() -> m
    java.util.Collection getValues() -> n
    boolean removeAllHelper(java.util.Map,java.util.Collection) -> o
    boolean retainAllHelper(java.util.Map,java.util.Collection) -> p
    java.lang.Object[] toArrayHelper(int) -> q
    java.lang.Object[] toArrayHelper(java.lang.Object[],int) -> r
androidx.collection.MapCollections$ArrayIterator -> b.b.c$a:
    androidx.collection.MapCollections this$0 -> e
    int mSize -> b
    int mIndex -> c
    int mOffset -> a
    boolean mCanRemove -> d
androidx.collection.MapCollections$EntrySet -> b.b.c$b:
    androidx.collection.MapCollections this$0 -> a
    boolean add(java.util.Map$Entry) -> a
androidx.collection.MapCollections$KeySet -> b.b.c$c:
    androidx.collection.MapCollections this$0 -> a