build/app/outputs/mapping/release/usage.txt
com.example.lobster_detection.R$dimen
com.example.lobster_detection.R$style
com.example.lobster_detection.R$xml
com.example.lobster_detection.R$integer
com.example.lobster_detection.R$layout
com.example.lobster_detection.R$string
com.example.lobster_detection.R$id
com.example.lobster_detection.R$attr
com.example.lobster_detection.R$drawable
com.example.lobster_detection.R$color
com.example.lobster_detection.R$mipmap
com.example.lobster_detection.R$styleable
com.example.lobster_detection.R
com.example.lobster_detection.BuildConfig
...
com.google.common.graph.Traverser$TreeTraverser$DepthFirstPostOrderIterator
com.google.common.util.concurrent.ListeningExecutorService
androidx.legacy.coreutils.R$attr
androidx.core.content.pm.ShortcutInfoCompatSaver$NoopImpl
kotlin.contracts.ConditionalEffect
com.google.common.collect.UsingToStringOrdering
com.google.common.cache.LocalCache$LocalManualCache$1
com.google.common.collect.Iterators$8
kotlin.text.StringsKt___StringsKt$chunkedSequence$1
androidx.activity.R
androidx.print.PrintHelper$PrintUriAdapter$1
kotlin.LazyThreadSafetyMode
com.google.common.collect.TreeTraverser$BreadthFirstIterator
androidx.media.session.MediaButtonReceiver$MediaButtonConnectionCallback
com.google.common.graph.AbstractBaseGraph$IncidentEdgeSet$Directed$2
androidx.core.app.NotificationCompat$BigTextStyle
androidx.core.app.ActivityCompat$PermissionCompatDelegate:
    public abstract boolean onActivityResult(android.app.Activity,int,int,android.content.Intent)
kotlin.jvm.internal.CharSpreadBuilder
androidx.core.view.inputmethod.InputContentInfoCompat$InputContentInfoCompatBaseImpl
com.google.common.hash.ChecksumHashFunction$ChecksumHasher
com.google.common.collect.ImmutableMap$Builder
com.google.common.reflect.TypeToken$2
com.google.common.util.concurrent.InterruptibleTask$DoNothingRunnable
androidx.annotation.AnyThread
kotlin.jvm.Volatile
kotlin.time.AdjustedClockMark
androidx.drawerlayout.widget.DrawerLayout$AccessibilityDelegate
androidx.core.widget.ImageViewCompat
com.google.common.collect.ImmutableRangeSet
com.google.common.util.concurrent.ServiceManager$EmptyServiceManagerWarning
androidx.annotation.RestrictTo$Scope
com.google.common.util.concurrent.CycleDetectingLockFactory
androidx.core.widget.ContentLoadingProgressBar
com.google.common.cache.CacheBuilderSpec$ValueParser
kotlin.coroutines.experimental.ContinuationInterceptor
io.flutter.plugin.common.EventChannel$IncomingStreamRequestHandler$EventSinkImplementation:
    public void error(java.lang.String,java.lang.String,java.lang.Object)
    public void endOfStream()
com.google.common.collect.Sets$UnmodifiableNavigableSet
androidx.core.app.NotificationCompatJellybean
com.google.common.eventbus.SubscriberRegistry$1
kotlin.sequences.SubSequence$iterator$1
com.google.common.primitives.Platform
io.flutter.embedding.android.FlutterFragment$ActivityCallThrough
kotlin.collections.RingBuffer
com.google.common.hash.MacHashFunction
com.google.common.net.MediaType$1
com.google.common.graph.Traverser$TreeTraverser$2
com.google.common.graph.AbstractNetwork$1
kotlin.jvm.internal.Ref$ObjectRef
com.google.common.collect.AbstractMultimap
io.flutter.plugins.camera.BuildConfig
com.google.common.util.concurrent.AtomicDouble
io.flutter.plugins.camera.PictureCaptureRequest$TimeoutHandler:
    private static final int REQUEST_TIMEOUT
android.support.v4.media.MediaBrowserCompat$ConnectionCallback$StubApi21
androidx.fragment.R$color
com.google.errorprone.annotations.CanIgnoreReturnValue
com.google.common.util.concurrent.AtomicDoubleArray
com.google.common.collect.EvictingQueue
androidx.media.MediaBrowserServiceCompat$MediaBrowserServiceImplApi21$3
com.google.errorprone.annotations.SuppressPackageLocation
androidx.fragment.app.FragmentManagerImpl$PopBackStackState
androidx.core.app.JobIntentService
com.google.common.collect.ImmutableAsList
com.google.common.collect.LexicographicalOrdering
kotlin.jvm.internal.CallableReference
android.support.v4.media.session.MediaControllerCompatApi24$TransportControls
com.google.common.graph.AbstractBaseGraph$IncidentEdgeSet$Undirected$1
com.google.common.graph.ElementOrder$1
com.google.common.collect.MultimapBuilder$MultimapBuilderWithKeys$1
com.google.common.cache.CacheBuilderSpec$DurationParser
kotlin.collections.ArraysKt___ArraysKt$asIterable$$inlined$Iterable$2
de.esys.esysfluttershare.R$drawable